app/build/outputs/logs/manifest-merger-debug-report.txt
-- Merging decision tree log ---
manifest
ADDED from src\main\AndroidManifest.xml:2:1-74:12
	package
		ADDED from src\main\AndroidManifest.xml:3:5-41
		INJECTED from src\main\AndroidManifest.xml
		INJECTED from src\main\AndroidManifest.xml
	android:versionName
		ADDED from src\main\AndroidManifest.xml:5:5-30
	android:versionCode
		ADDED from src\main\AndroidManifest.xml:4:5-28
		INJECTED from src\main\AndroidManifest.xml
		INJECTED from src\main\AndroidManifest.xml
	xmlns:android
		ADDED from src\main\AndroidManifest.xml:2:11-69
uses-sdk
ADDED from src\main\AndroidManifest.xml:7:5-43
MERGED from [com.android.support:appcompat-v7:23.0.1] AndroidManifest.xml:20:5-43
MERGED from [com.android.support:support-v4:23.0.1] AndroidManifest.xml:20:5-43
MERGED from [LockScreenApp:library:unspecified] AndroidManifest.xml:11:5-13:41
	android:targetSdkVersion
		INJECTED from src\main\AndroidManifest.xml
		INJECTED from src\main\AndroidManifest.xml
	android:minSdkVersion
		ADDED from src\main\AndroidManifest.xml:7:15-40
		INJECTED from src\main\AndroidManifest.xml
		INJECTED from src\main\AndroidManifest.xml
uses-permission#android.permission.DISABLE_KEYGUARD
ADDED from src\main\AndroidManifest.xml:9:5-75
	android:name
		ADDED from src\main\AndroidManifest.xml:9:22-72
uses-permission#android.permission.WAKE_LOCK
ADDED from src\main\AndroidManifest.xml:10:5-68
	android:name
		ADDED from src\main\AndroidManifest.xml:10:22-65
uses-permission#android.permission.RECEIVE_BOOT_COMPLETED
ADDED from src\main\AndroidManifest.xml:11:5-81
	android:name
		ADDED from src\main\AndroidManifest.xml:11:22-78
uses-permission#android.permission.READ_PHONE_STATE
ADDED from src\main\AndroidManifest.xml:12:5-75
	android:name
		ADDED from src\main\AndroidManifest.xml:12:22-72
uses-permission#android.permission.SYSTEM_ALERT_WINDOW
ADDED from src\main\AndroidManifest.xml:13:5-78
	android:name
		ADDED from src\main\AndroidManifest.xml:13:22-75
application
ADDED from src\main\AndroidManifest.xml:15:5-72:19
MERGED from [com.android.support:appcompat-v7:23.0.1] AndroidManifest.xml:22:5-20
MERGED from [com.android.support:support-v4:23.0.1] AndroidManifest.xml:22:5-20
	android:label
		ADDED from src\main\AndroidManifest.xml:17:9-41
	android:icon
		ADDED from src\main\AndroidManifest.xml:16:9-45
	android:name
		ADDED from src\main\AndroidManifest.xml:18:9-46
activity#com.mehuljoisar.lockscreen.LockScreenActivity
ADDED from src\main\AndroidManifest.xml:19:9-31:20
	android:screenOrientation
		ADDED from src\main\AndroidManifest.xml:24:13-49
	android:label
		ADDED from src\main\AndroidManifest.xml:22:13-45
	android:excludeFromRecents
		ADDED from src\main\AndroidManifest.xml:21:13-46
	android:launchMode
		ADDED from src\main\AndroidManifest.xml:23:13-44
	android:theme
		ADDED from src\main\AndroidManifest.xml:25:13-71
	android:name
		ADDED from src\main\AndroidManifest.xml:20:13-73
intent-filter#android.intent.action.MAIN+android.intent.category.LAUNCHER
ADDED from src\main\AndroidManifest.xml:26:13-30:29
action#android.intent.action.MAIN
ADDED from src\main\AndroidManifest.xml:27:17-69
	android:name
		ADDED from src\main\AndroidManifest.xml:27:25-66
category#android.intent.category.LAUNCHER
ADDED from src\main\AndroidManifest.xml:29:17-77
	android:name
		ADDED from src\main\AndroidManifest.xml:29:27-74
activity#com.mehuljoisar.lockscreen.pattern.SetPatternActivity
ADDED from src\main\AndroidManifest.xml:33:9-40:20
	android:label
		ADDED from src\main\AndroidManifest.xml:35:13-54
	android:launchMode
		ADDED from src\main\AndroidManifest.xml:36:13-43
	android:name
		ADDED from src\main\AndroidManifest.xml:34:13-55
meta-data#android.support.PARENT_ACTIVITY
ADDED from src\main\AndroidManifest.xml:37:13-39:60
	android:value
		ADDED from src\main\AndroidManifest.xml:39:17-57
	android:name
		ADDED from src\main\AndroidManifest.xml:38:17-63
activity#com.mehuljoisar.lockscreen.pattern.ConfirmPatternActivity
ADDED from src\main\AndroidManifest.xml:42:9-45:46
	android:label
		ADDED from src\main\AndroidManifest.xml:44:13-58
	android:launchMode
		ADDED from src\main\AndroidManifest.xml:45:13-43
	android:name
		ADDED from src\main\AndroidManifest.xml:43:13-59
activity#com.mehuljoisar.lockscreen.pattern.ResetPatternActivity
ADDED from src\main\AndroidManifest.xml:47:9-50:46
	android:label
		ADDED from src\main\AndroidManifest.xml:49:13-56
	android:launchMode
		ADDED from src\main\AndroidManifest.xml:50:13-43
	android:name
		ADDED from src\main\AndroidManifest.xml:48:13-57
service#com.mehuljoisar.lockscreen.utils.LockscreenService
ADDED from src\main\AndroidManifest.xml:52:9-53:19
	android:name
		ADDED from src\main\AndroidManifest.xml:52:18-57
receiver#com.mehuljoisar.lockscreen.utils.LockscreenIntentReceiver
ADDED from src\main\AndroidManifest.xml:55:9-61:20
	android:enabled
		ADDED from src\main\AndroidManifest.xml:57:13-35
	android:name
		ADDED from src\main\AndroidManifest.xml:56:13-59
intent-filter#android.intent.action.BOOT_COMPLETED
ADDED from src\main\AndroidManifest.xml:58:13-60:29
action#android.intent.action.BOOT_COMPLETED
ADDED from src\main\AndroidManifest.xml:59:17-79
	android:name
		ADDED from src\main\AndroidManifest.xml:59:25-76
receiver#com.mehuljoisar.lockscreen.utils.PolicyManager$PolicyReceiver
ADDED from src\main\AndroidManifest.xml:63:9-71:20
	android:label
		ADDED from src\main\AndroidManifest.xml:64:13-39
	android:permission
		ADDED from src\main\AndroidManifest.xml:65:13-70
	android:name
		ADDED from src\main\AndroidManifest.xml:63:19-69
meta-data#android.app.device_admin
ADDED from src\main\AndroidManifest.xml:66:13-67:56
	android:resource
		ADDED from src\main\AndroidManifest.xml:67:17-53
	android:name
		ADDED from src\main\AndroidManifest.xml:66:24-63
intent-filter#android.app.action.DEVICE_ADMIN_ENABLED
ADDED from src\main\AndroidManifest.xml:68:13-70:29
action#android.app.action.DEVICE_ADMIN_ENABLED
ADDED from src\main\AndroidManifest.xml:69:17-82
	android:name
		ADDED from src\main\AndroidManifest.xml:69:25-79